#
# A fatal error has been detected by the Java Runtime Environment:
#
#  EXCEPTION_ACCESS_VIOLATION (0xc0000005) at pc=0x00007ffe07567187, pid=928, tid=13152
#
# JRE version: OpenJDK Runtime Environment Temurin-21.0.6+7 (21.0.6+7) (build 21.0.6+7-LTS)
# Java VM: OpenJDK 64-Bit Server VM Temurin-21.0.6+7 (21.0.6+7-LTS, mixed mode, sharing, tiered, compressed oops, compressed class ptrs, parallel gc, windows-amd64)
# Problematic frame:
# V  [jvm.dll+0x337187]
#
# No core dump will be written. Minidumps are not enabled by default on client versions of Windows
#
# If you would like to submit a bug report, please visit:
#   https://github.com/adoptium/adoptium-support/issues
#

---------------  S U M M A R Y ------------

Command Line: --add-modules=ALL-SYSTEM --add-opens=java.base/java.util=ALL-UNNAMED --add-opens=java.base/java.lang=ALL-UNNAMED --add-opens=java.base/sun.nio.fs=ALL-UNNAMED -Declipse.application=org.eclipse.jdt.ls.core.id1 -Dosgi.bundles.defaultStartLevel=4 -Declipse.product=org.eclipse.jdt.ls.core.product -Djava.import.generatesMetadataFilesAtProjectRoot=false -DDetectVMInstallationsJob.disabled=true -Dfile.encoding=utf8 -XX:+UseParallelGC -XX:GCTimeRatio=4 -XX:AdaptiveSizePolicyWeight=90 -Dsun.zip.disableMemoryMapping=true -Xmx1G -Xms100m -Xlog:disable -javaagent:c:\Users\Wesley Jennings\.cursor\extensions\redhat.java-1.41.1-win32-x64\lombok\lombok-1.18.36.jar -XX:+HeapDumpOnOutOfMemoryError -XX:HeapDumpPath=c:\Users\Wesley Jennings\AppData\Roaming\Cursor\User\workspaceStorage\b3057a4bc88f88754d89a6031f962d4b\redhat.java -Daether.dependencyCollector.impl=bf c:\Users\Wesley Jennings\.cursor\extensions\redhat.java-1.41.1-win32-x64\server\plugins\org.eclipse.equinox.launcher_1.7.0.v20250331-1702.jar -configuration c:\Users\Wesley Jennings\AppData\Roaming\Cursor\User\globalStorage\redhat.java\1.41.1\config_win -data c:\Users\Wesley Jennings\AppData\Roaming\Cursor\User\workspaceStorage\b3057a4bc88f88754d89a6031f962d4b\redhat.java\jdt_ws --pipe=\\.\pipe\lsp-ca11208f0b9731a895587af3c6f75462-sock

Host: Intel(R) Core(TM) i5-10600K CPU @ 4.10GHz, 12 cores, 15G,  Windows 11 , 64 bit Build 22621 (10.0.22621.3958)
Time: Fri Jun 20 14:06:20 2025 Central Daylight Time elapsed time: 58.775684 seconds (0d 0h 0m 58s)

---------------  T H R E A D  ---------------

Current thread (0x000001815e72f290):  WorkerThread "GC Thread#3"    [id=13152, stack(0x0000000995500000,0x0000000995600000) (1024K)]

Stack: [0x0000000995500000,0x0000000995600000],  sp=0x00000009955ffa50,  free space=1022k
Native frames: (J=compiled Java code, j=interpreted, Vv=VM code, C=native code)
V  [jvm.dll+0x337187]
V  [jvm.dll+0x70e388]
V  [jvm.dll+0x70e85f]
V  [jvm.dll+0x8d62a7]
V  [jvm.dll+0x851f8b]
V  [jvm.dll+0x6cc5ed]
C  [ucrtbase.dll+0x29333]
C  [KERNEL32.DLL+0x1257d]
C  [ntdll.dll+0x5af28]


siginfo: EXCEPTION_ACCESS_VIOLATION (0xc0000005), data execution prevention violation at address 0x00007ffe07fff087


Registers:
RAX=0x0000000000000000, RBX=0x0000000000000008, RCX=0x0000000000000000, RDX=0x0000000000000000
RSP=0x00000009955ffa50, RBP=0x000001815c060860, RSI=0x0000000000000003, RDI=0x0000018147d071a0
R8 =0x0000000000000000, R9 =0x0000000000000007, R10=0x0000000000000040, R11=0x0000000000000038
R12=0x0000000000000014, R13=0x0000000000000018, R14=0x0000000000000000, R15=0x00000009955ffae0
RIP=0x00007ffe07567187, EFLAGS=0x0000000000010246

XMM[0]=0x0000000f010d6528 0x0000000000000001
XMM[1]=0xeac7aa18eac7a8c8 0x00000000eac7a930
XMM[2]=0x0000000000000000 0x0000000000000000
XMM[3]=0x0000000000000000 0x0000000000000000
XMM[4]=0x0000000000000000 0x0000000000000000
XMM[5]=0x0000000000000000 0xeac7a3c800000000
XMM[6]=0x0000000000000000 0x0000000000000000
XMM[7]=0x0000000000000000 0x0000000000000000
XMM[8]=0x0000000000000000 0x0000000000000000
XMM[9]=0x0000000000000000 0x0000000000000000
XMM[10]=0x0000000000000000 0x0000000000000000
XMM[11]=0x0000000000000000 0x0000000000000000
XMM[12]=0x0000000000000000 0x0000000000000000
XMM[13]=0x0000000000000000 0x0000000000000000
XMM[14]=0x0000000000000000 0x0000000000000000
XMM[15]=0x0000000000000000 0x0000000000000000
  MXCSR=0x00001fa0


Register to memory mapping:

RAX=0x0 is null
RBX=0x0000000000000008 is an unknown value
RCX=0x0 is null
RDX=0x0 is null
RSP=0x00000009955ffa50 points into unknown readable memory: 0x00000009946fee00 | 00 ee 6f 94 09 00 00 00
RBP=0x000001815c060860 points into unknown readable memory: 0x0000000000000000 | 00 00 00 00 00 00 00 00
RSI=0x0000000000000003 is an unknown value
RDI=0x0000018147d071a0 points into unknown readable memory: 0x00007ffe07c54ae8 | e8 4a c5 07 fe 7f 00 00
R8 =0x0 is null
R9 =0x0000000000000007 is an unknown value
R10=0x0000000000000040 is an unknown value
R11=0x0000000000000038 is an unknown value
R12=0x0000000000000014 is an unknown value
R13=0x0000000000000018 is an unknown value
R14=0x0 is null
R15=0x00000009955ffae0 points into unknown readable memory: 0x0000000000000000 | 00 00 00 00 00 00 00 00

Top of Stack: (sp=0x00000009955ffa50)
0x00000009955ffa50:   00000009946fee00 0000000000000007
0x00000009955ffa60:   00000009946fede8 0000000000000003
0x00000009955ffa70:   00000009946fede8 0000000000000003
0x00000009955ffa80:   000001815eba97b0 0000000000000005
0x00000009955ffa90:   0000000000000003 00007ffe0793e388
0x00000009955ffaa0:   000001815c060800 0000000000000000
0x00000009955ffab0:   00000009946fee40 000001815c060800
0x00000009955ffac0:   00000009946fece0 00007ffe0793e85f
0x00000009955ffad0:   0000000000000000 00000009955ffb69
0x00000009955ffae0:   0000000000000000 00000009946fee20
0x00000009955ffaf0:   000001815c060800 0000000000000003
0x00000009955ffb00:   000000000000000a 000001815e576968
0x00000009955ffb10:   000001815c060800 0000000000000003
0x00000009955ffb20:   00007ffe07cbc368 000001815c060800
0x00000009955ffb30:   00000009946fece0 000001815e0a1330
0x00000009955ffb40:   00000000000003d8 000001815e0a1340
0x00000009955ffb50:   000001815e0a1718 00007ffe07cbc358
0x00000009955ffb60:   0000000000000003 0000000000000000
0x00000009955ffb70:   0000000000000000 0000000000000000
0x00000009955ffb80:   0000000000000000 0000e10244d7032a
0x00000009955ffb90:   000001815e576968 0000000000000000
0x00000009955ffba0:   0000000000000030 000001815e82b740
0x00000009955ffbb0:   0000000000000003 0000018147c9e638
0x00000009955ffbc0:   000001815e72f290 00007ffe07b062a7
0x00000009955ffbd0:   0000018147c9e638 000001815e72f290
0x00000009955ffbe0:   0000000000000070 000001815e82b740
0x00000009955ffbf0:   0000000000000000 000001815e72f290
0x00000009955ffc00:   0000000000000000 0000000000100000
0x00000009955ffc10:   0000000000000000 00007ffe07a81f8b
0x00000009955ffc20:   0000000995500000 00000000ffffffff
0x00000009955ffc30:   0000000000000000 0000000000000000
0x00000009955ffc40:   0000000000000004 0000000000001000 

Instructions: (pc=0x00007ffe07567187)
0x00007ffe07567087:   d2 89 85 04 02 00 00 f7 77 08 44 8b ca 3b d6 74
0x00007ffe07567097:   b8 8b de 66 0f 1f 44 00 00 3b de 74 05 41 3b d9
0x00007ffe075670a7:   75 45 44 8b 85 04 02 00 00 b8 5f 0b 4e 83 41 f7
0x00007ffe075670b7:   e8 41 03 d0 c1 fa 10 8b c2 c1 e8 1f 03 d0 41 69
0x00007ffe075670c7:   c0 a7 41 00 00 69 ca ff ff ff 7f 2b c1 85 c0 8d
0x00007ffe075670d7:   88 ff ff ff 7f 0f 4e c1 33 d2 89 85 04 02 00 00
0x00007ffe075670e7:   f7 77 08 8b da eb b2 41 8b c1 4c 8d 1c c5 00 00
0x00007ffe075670f7:   00 00 48 8b 47 10 49 8b 0c 03 8b 81 00 01 00 00
0x00007ffe07567107:   44 8b 81 80 00 00 00 44 2b c0 b8 00 00 00 00 41
0x00007ffe07567117:   81 e0 ff ff 01 00 41 81 f8 ff ff 01 00 44 0f 44
0x00007ffe07567127:   c0 8b c3 4c 8d 14 c5 00 00 00 00 48 8b 47 10 49
0x00007ffe07567137:   8b 0c 02 8b 81 00 01 00 00 8b 91 80 00 00 00 33
0x00007ffe07567147:   c9 2b d0 8b c1 81 e2 ff ff 01 00 81 fa ff ff 01
0x00007ffe07567157:   00 0f 44 d1 41 3b d0 76 0a 48 8b 47 10 49 8b 0c
0x00007ffe07567167:   02 eb 10 45 85 c0 74 18 48 8b 47 10 41 8b d9 49
0x00007ffe07567177:   8b 0c 03 49 8b d7 e8 4e e6 ff ff 83 f8 02 74 05
0x00007ffe07567187:   bb ff ff ff ff 89 9d 00 02 00 00 eb 14 75 17 8d
0x00007ffe07567197:   46 ff 49 8b d7 83 e0 01 48 8b 0c c1 e8 28 e6 ff
0x00007ffe075671a7:   ff 83 f8 02 74 2b 41 ff c6 45 3b f4 0f 82 77 fe
0x00007ffe075671b7:   ff ff 32 c0 48 8b 5c 24 50 48 8b 6c 24 58 48 8b
0x00007ffe075671c7:   74 24 60 48 83 c4 20 41 5f 41 5e 41 5d 41 5c 5f
0x00007ffe075671d7:   c3 b0 01 eb df cc cc cc cc 48 8b 89 50 06 00 00
0x00007ffe075671e7:   e9 e4 f2 59 00 cc cc cc cc 48 89 54 24 10 4c 89
0x00007ffe075671f7:   44 24 18 4c 89 4c 24 20 53 48 83 ec 20 48 8b d9
0x00007ffe07567207:   4c 8d 4c 24 40 4c 8b c2 48 8d 0d 3a d0 94 00 ba
0x00007ffe07567217:   01 00 00 00 e8 40 aa 2a 00 48 8b c3 48 83 c4 20
0x00007ffe07567227:   5b c3 cc cc cc cc cc cc cc 48 89 5c 24 18 55 57
0x00007ffe07567237:   41 57 48 83 ec 20 48 8b 41 18 4c 8b f9 8b 7a 38
0x00007ffe07567247:   48 8d 4a 3c 48 8b da 48 8b 80 60 06 00 00 48 8b
0x00007ffe07567257:   2c f8 8b 01 c1 e8 02 48 c1 e5 03 a8 01 0f 84 11
0x00007ffe07567267:   01 00 00 8b 42 3c 83 f8 04 0f 85 60 01 00 00 48
0x00007ffe07567277:   89 74 24 40 4c 89 74 24 48 4d 8b 77 10 0f 1f 40 


Stack slot to memory mapping:

stack at sp + 0 slots: 0x00000009946fee00 points into unknown readable memory: 0x0000000000000001 | 01 00 00 00 00 00 00 00
stack at sp + 1 slots: 0x0000000000000007 is an unknown value
stack at sp + 2 slots: 0x00000009946fede8 points into unknown readable memory: 0x000001814593ca50 | 50 ca 93 45 81 01 00 00
stack at sp + 3 slots: 0x0000000000000003 is an unknown value
stack at sp + 4 slots: 0x00000009946fede8 points into unknown readable memory: 0x000001814593ca50 | 50 ca 93 45 81 01 00 00
stack at sp + 5 slots: 0x0000000000000003 is an unknown value
stack at sp + 6 slots: 0x000001815eba97b0 points into unknown readable memory: 0x0000000000000002 | 02 00 00 00 00 00 00 00
stack at sp + 7 slots: 0x0000000000000005 is an unknown value


---------------  P R O C E S S  ---------------

Threads class SMR info:
_java_thread_list=0x0000018166ab0790, length=44, elements={
0x0000018147c8c440, 0x000001815e074090, 0x000001815e075950, 0x000001815e07ac50,
0x000001815e07b6a0, 0x000001815e07c0f0, 0x000001815e07cb40, 0x000001815e07d970,
0x000001815e0ddf60, 0x000001815e15e2e0, 0x000001815e3bce50, 0x000001815ebe7ad0,
0x000001815ec38a50, 0x000001815ec132e0, 0x000001815ec14690, 0x000001815e74f7c0,
0x000001815e752c40, 0x000001815e753960, 0x000001815e753ff0, 0x000001815e7504e0,
0x000001815e750b70, 0x000001815e74d060, 0x000001815e751200, 0x000001815e74fe50,
0x000001815e754680, 0x000001815e74d6f0, 0x000001815e74dd80, 0x0000018163d15010,
0x0000018163d135d0, 0x0000018163d13c60, 0x0000018163d156a0, 0x0000018163d142f0,
0x0000018163d14980, 0x0000018163d0e710, 0x0000018163d128b0, 0x0000018163d15d30,
0x0000018163d0eda0, 0x0000018163d12f40, 0x0000018163d0f430, 0x0000018163d10150,
0x0000018163d107e0, 0x0000018164b3ef60, 0x0000018164b43100, 0x0000018164b40310
}

Java Threads: ( => current thread )
  0x0000018147c8c440 JavaThread "main"                              [_thread_blocked, id=1396, stack(0x0000000994300000,0x0000000994400000) (1024K)]
  0x000001815e074090 JavaThread "Reference Handler"          daemon [_thread_blocked, id=8860, stack(0x0000000994700000,0x0000000994800000) (1024K)]
  0x000001815e075950 JavaThread "Finalizer"                  daemon [_thread_blocked, id=9344, stack(0x0000000994800000,0x0000000994900000) (1024K)]
  0x000001815e07ac50 JavaThread "Signal Dispatcher"          daemon [_thread_blocked, id=7020, stack(0x0000000994900000,0x0000000994a00000) (1024K)]
  0x000001815e07b6a0 JavaThread "Attach Listener"            daemon [_thread_blocked, id=11160, stack(0x0000000994a00000,0x0000000994b00000) (1024K)]
  0x000001815e07c0f0 JavaThread "Service Thread"             daemon [_thread_blocked, id=17256, stack(0x0000000994b00000,0x0000000994c00000) (1024K)]
  0x000001815e07cb40 JavaThread "Monitor Deflation Thread"   daemon [_thread_blocked, id=4764, stack(0x0000000994c00000,0x0000000994d00000) (1024K)]
  0x000001815e07d970 JavaThread "C2 CompilerThread0"         daemon [_thread_blocked, id=15816, stack(0x0000000994d00000,0x0000000994e00000) (1024K)]
  0x000001815e0ddf60 JavaThread "C1 CompilerThread0"         daemon [_thread_blocked, id=17856, stack(0x0000000994e00000,0x0000000994f00000) (1024K)]
  0x000001815e15e2e0 JavaThread "Common-Cleaner"             daemon [_thread_blocked, id=5416, stack(0x0000000994f00000,0x0000000995000000) (1024K)]
  0x000001815e3bce50 JavaThread "Notification Thread"        daemon [_thread_blocked, id=11156, stack(0x0000000995100000,0x0000000995200000) (1024K)]
  0x000001815ebe7ad0 JavaThread "Active Thread: Equinox Container: 17a40b82-8183-417f-b78e-79041f5d34c6"        [_thread_blocked, id=11596, stack(0x0000000995f00000,0x0000000996000000) (1024K)]
  0x000001815ec38a50 JavaThread "Framework Event Dispatcher: Equinox Container: 17a40b82-8183-417f-b78e-79041f5d34c6" daemon [_thread_blocked, id=4952, stack(0x0000000995000000,0x0000000995100000) (1024K)]
  0x000001815ec132e0 JavaThread "Start Level: Equinox Container: 17a40b82-8183-417f-b78e-79041f5d34c6" daemon [_thread_blocked, id=12832, stack(0x0000000995200000,0x0000000995300000) (1024K)]
  0x000001815ec14690 JavaThread "Refresh Thread: Equinox Container: 17a40b82-8183-417f-b78e-79041f5d34c6" daemon [_thread_blocked, id=15308, stack(0x0000000996200000,0x0000000996300000) (1024K)]
  0x000001815e74f7c0 JavaThread "Bundle File Closer"         daemon [_thread_blocked, id=10684, stack(0x0000000996000000,0x0000000996100000) (1024K)]
  0x000001815e752c40 JavaThread "SCR Component Actor"        daemon [_thread_blocked, id=5444, stack(0x0000000996b00000,0x0000000996c00000) (1024K)]
  0x000001815e753960 JavaThread "Worker-JM"                         [_thread_blocked, id=2492, stack(0x0000000996e00000,0x0000000996f00000) (1024K)]
  0x000001815e753ff0 JavaThread "Worker-0: Check JDK Index"         [_thread_blocked, id=2444, stack(0x0000000996f00000,0x0000000997000000) (1024K)]
  0x000001815e7504e0 JavaThread "Worker-1"                          [_thread_blocked, id=17648, stack(0x0000000997000000,0x0000000997100000) (1024K)]
  0x000001815e750b70 JavaThread "Java indexing"              daemon [_thread_blocked, id=2448, stack(0x0000000997200000,0x0000000997300000) (1024K)]
  0x000001815e74d060 JavaThread "JNA Cleaner"                daemon [_thread_blocked, id=5420, stack(0x0000000997300000,0x0000000997400000) (1024K)]
  0x000001815e751200 JavaThread "Worker-2"                          [_thread_blocked, id=18148, stack(0x0000000997600000,0x0000000997700000) (1024K)]
  0x000001815e74fe50 JavaThread "Worker-3: Java indexing... "        [_thread_blocked, id=8376, stack(0x0000000997700000,0x0000000997800000) (1024K)]
  0x000001815e754680 JavaThread "Thread-2"                   daemon [_thread_in_native, id=7540, stack(0x0000000997800000,0x0000000997900000) (1024K)]
  0x000001815e74d6f0 JavaThread "Thread-3"                   daemon [_thread_in_native, id=18428, stack(0x0000000997900000,0x0000000997a00000) (1024K)]
  0x000001815e74dd80 JavaThread "Thread-4"                   daemon [_thread_in_native, id=17260, stack(0x0000000997a00000,0x0000000997b00000) (1024K)]
  0x0000018163d15010 JavaThread "Thread-5"                   daemon [_thread_in_native, id=2260, stack(0x0000000997b00000,0x0000000997c00000) (1024K)]
  0x0000018163d135d0 JavaThread "Thread-6"                   daemon [_thread_in_native, id=5708, stack(0x0000000997c00000,0x0000000997d00000) (1024K)]
  0x0000018163d13c60 JavaThread "Thread-7"                   daemon [_thread_in_native, id=4980, stack(0x0000000997d00000,0x0000000997e00000) (1024K)]
  0x0000018163d156a0 JavaThread "Thread-8"                   daemon [_thread_in_native, id=12756, stack(0x0000000997e00000,0x0000000997f00000) (1024K)]
  0x0000018163d142f0 JavaThread "Thread-9"                   daemon [_thread_in_native, id=14620, stack(0x0000000997f00000,0x0000000998000000) (1024K)]
  0x0000018163d14980 JavaThread "Thread-10"                  daemon [_thread_in_native, id=13820, stack(0x0000000998000000,0x0000000998100000) (1024K)]
  0x0000018163d0e710 JavaThread "Thread-11"                  daemon [_thread_in_native, id=1600, stack(0x0000000998100000,0x0000000998200000) (1024K)]
  0x0000018163d128b0 JavaThread "Thread-12"                  daemon [_thread_in_native, id=11060, stack(0x0000000998200000,0x0000000998300000) (1024K)]
  0x0000018163d15d30 JavaThread "Thread-13"                  daemon [_thread_in_native, id=10344, stack(0x0000000998300000,0x0000000998400000) (1024K)]
  0x0000018163d0eda0 JavaThread "Thread-14"                  daemon [_thread_in_native, id=10384, stack(0x0000000998400000,0x0000000998500000) (1024K)]
  0x0000018163d12f40 JavaThread "pool-2-thread-1"                   [_thread_blocked, id=12124, stack(0x0000000998500000,0x0000000998600000) (1024K)]
  0x0000018163d0f430 JavaThread "WorkspaceEventsHandler"            [_thread_blocked, id=4176, stack(0x0000000998600000,0x0000000998700000) (1024K)]
  0x0000018163d10150 JavaThread "pool-1-thread-1"                   [_thread_blocked, id=3736, stack(0x0000000998700000,0x0000000998800000) (1024K)]
  0x0000018163d107e0 JavaThread "Worker-4"                          [_thread_blocked, id=13248, stack(0x0000000998900000,0x0000000998a00000) (1024K)]
  0x0000018164b3ef60 JavaThread "pool-3-thread-1"                   [_thread_blocked, id=14840, stack(0x0000000996c00000,0x0000000996d00000) (1024K)]
  0x0000018164b43100 JavaThread "ForkJoinPool.commonPool-worker-1" daemon [_thread_blocked, id=9264, stack(0x0000000995b00000,0x0000000995c00000) (1024K)]
  0x0000018164b40310 JavaThread "Worker-5"                          [_thread_blocked, id=12660, stack(0x0000000995c00000,0x0000000995d00000) (1024K)]
Total: 44

Other Threads:
  0x0000018147d4eb30 VMThread "VM Thread"                           [id=14768, stack(0x0000000994600000,0x0000000994700000) (1024K)]
  0x0000018147cf9cf0 WatcherThread "VM Periodic Task Thread"        [id=8516, stack(0x0000000994500000,0x0000000994600000) (1024K)]
  0x0000018147cacaf0 WorkerThread "GC Thread#0"                     [id=2996, stack(0x0000000994400000,0x0000000994500000) (1024K)]
  0x000001815e972ef0 WorkerThread "GC Thread#1"                     [id=17416, stack(0x0000000995300000,0x0000000995400000) (1024K)]
  0x000001815e734a70 WorkerThread "GC Thread#2"                     [id=11800, stack(0x0000000995400000,0x0000000995500000) (1024K)]
=>0x000001815e72f290 WorkerThread "GC Thread#3"                     [id=13152, stack(0x0000000995500000,0x0000000995600000) (1024K)]
  0x000001815e72f630 WorkerThread "GC Thread#4"                     [id=14312, stack(0x0000000995600000,0x0000000995700000) (1024K)]
  0x000001815ec61980 WorkerThread "GC Thread#5"                     [id=16992, stack(0x0000000995700000,0x0000000995800000) (1024K)]
  0x000001815ec62950 WorkerThread "GC Thread#6"                     [id=7040, stack(0x0000000995800000,0x0000000995900000) (1024K)]
  0x000001815ebd0f00 WorkerThread "GC Thread#7"                     [id=18172, stack(0x0000000996100000,0x0000000996200000) (1024K)]
  0x000001815eafdcd0 WorkerThread "GC Thread#8"                     [id=9144, stack(0x0000000996300000,0x0000000996400000) (1024K)]
  0x000001815eafe070 WorkerThread "GC Thread#9"                     [id=14728, stack(0x0000000996a00000,0x0000000996b00000) (1024K)]
Total: 12

Threads with active compile tasks:
Total: 0

VM state: at safepoint (normal execution)

VM Mutex/Monitor currently owned by a thread:  ([mutex/lock_event])
[0x00007ffe07ede380] Threads_lock - owner thread: 0x0000018147d4eb30
[0x00007ffe07ede480] Heap_lock - owner thread: 0x000001815e750b70

Heap address: 0x00000000c0000000, size: 1024 MB, Compressed Oops mode: 32-bit

CDS archive(s) mapped at: [0x0000018100000000-0x0000018100ba0000-0x0000018100ba0000), size 12189696, SharedBaseAddress: 0x0000018100000000, ArchiveRelocationMode: 1.
Compressed class space mapped at: 0x0000018101000000-0x0000018141000000, reserved size: 1073741824
Narrow klass base: 0x0000018100000000, Narrow klass shift: 0, Narrow klass range: 0x100000000

GC Precious Log:
 CardTable entry size: 512
 CPUs: 12 total, 12 available
 Memory: 16302M
 Large Page Support: Disabled
 NUMA Support: Disabled
 Compressed Oops: Enabled (32-bit)
 Alignments: Space 512K, Generation 512K, Heap 2M
 Heap Min Capacity: 100M
 Heap Initial Capacity: 100M
 Heap Max Capacity: 1G
 Pre-touch: Disabled
 Parallel Workers: 10

Heap:
 PSYoungGen      total 2048K, used 1910K [0x00000000eab00000, 0x00000000eaf00000, 0x0000000100000000)
  eden space 1536K, 100% used [0x00000000eab00000,0x00000000eac80000,0x00000000eac80000)
  from space 512K, 73% used [0x00000000eae80000,0x00000000eaedd808,0x00000000eaf00000)
  to   space 512K, 62% used [0x00000000eae00000,0x00000000eae50000,0x00000000eae80000)
 ParOldGen       total 317440K, used 317193K [0x00000000c0000000, 0x00000000d3600000, 0x00000000eab00000)
  object space 317440K, 99% used [0x00000000c0000000,0x00000000d35c26b0,0x00000000d3600000)
 Metaspace       used 64669K, committed 65984K, reserved 1114112K
  class space    used 6673K, committed 7232K, reserved 1048576K

Card table byte_map: [0x0000018147660000,0x0000018147870000] _byte_map_base: 0x0000018147060000

Marking Bits: (ParMarkBitMap*) 0x00007ffe07ee3260
 Begin Bits: [0x0000018159e80000, 0x000001815ae80000)
 End Bits:   [0x000001815ae80000, 0x000001815be80000)

Polling page: 0x0000018147450000

Metaspace:

Usage:
  Non-class:     56.64 MB used.
      Class:      6.52 MB used.
       Both:     63.15 MB used.

Virtual space:
  Non-class space:       64.00 MB reserved,      57.38 MB ( 90%) committed,  1 nodes.
      Class space:        1.00 GB reserved,       7.06 MB ( <1%) committed,  1 nodes.
             Both:        1.06 GB reserved,      64.44 MB (  6%) committed. 

Chunk freelists:
   Non-Class:  6.52 MB
       Class:  8.97 MB
        Both:  15.48 MB

MaxMetaspaceSize: unlimited
CompressedClassSpaceSize: 1.00 GB
Initial GC threshold: 21.00 MB
Current GC threshold: 107.44 MB
CDS: on
 - commit_granule_bytes: 65536.
 - commit_granule_words: 8192.
 - virtual_space_node_default_size: 8388608.
 - enlarge_chunks_in_place: 1.
 - use_allocation_guard: 0.


Internal statistics:

num_allocs_failed_limit: 9.
num_arena_births: 1064.
num_arena_deaths: 14.
num_vsnodes_births: 2.
num_vsnodes_deaths: 0.
num_space_committed: 1031.
num_space_uncommitted: 0.
num_chunks_returned_to_freelist: 23.
num_chunks_taken_from_freelist: 3791.
num_chunk_merges: 12.
num_chunk_splits: 2390.
num_chunks_enlarged: 1430.
num_inconsistent_stats: 0.

CodeHeap 'non-profiled nmethods': size=120000Kb used=8956Kb max_used=10185Kb free=111043Kb
 bounds [0x0000018152950000, 0x0000018153350000, 0x0000018159e80000]
CodeHeap 'profiled nmethods': size=120000Kb used=22607Kb max_used=25338Kb free=97392Kb
 bounds [0x000001814ae80000, 0x000001814c750000, 0x00000181523b0000]
CodeHeap 'non-nmethods': size=5760Kb used=1452Kb max_used=1560Kb free=4307Kb
 bounds [0x00000181523b0000, 0x0000018152620000, 0x0000018152950000]
 total_blobs=11028 nmethods=10264 adapters=669
 compilation: enabled
              stopped_count=0, restarted_count=0
 full_count=0

Compilation events (20 events):
Event: 58.605 Thread 0x000001815e0eaee0 nmethod 12103 0x0000018152a2ac90 code [0x0000018152a2ae80, 0x0000018152a2bc58]
Event: 58.605 Thread 0x000001815e0eaee0 12091       4       org.eclipse.jdt.internal.core.search.indexing.IndexManager::writeSavedIndexNamesFile (144 bytes)
Event: 58.620 Thread 0x000001815e0eaee0 nmethod 12091 0x0000018152b77b90 code [0x0000018152b77e00, 0x0000018152b78f00]
Event: 58.620 Thread 0x000001815e0eaee0 12101       4       java.lang.Long::formatUnsignedLong0 (47 bytes)
Event: 58.623 Thread 0x000001815e0eaee0 nmethod 12101 0x000001815298d490 code [0x000001815298d620, 0x000001815298d8f8]
Event: 58.623 Thread 0x000001815e0eaee0 12095       4       org.eclipse.jdt.internal.compiler.classfmt.ClassFileReader::getConstantClassNameAt (33 bytes)
Event: 58.625 Thread 0x000001815e0eaee0 nmethod 12095 0x00000181529e2190 code [0x00000181529e2340, 0x00000181529e2760]
Event: 58.625 Thread 0x000001815e0eaee0 12105       4       org.eclipse.jdt.internal.compiler.classfmt.MethodInfoWithAnnotations::<init> (90 bytes)
Event: 58.626 Thread 0x000001815e0eaee0 nmethod 12105 0x000001815295a190 code [0x000001815295a320, 0x000001815295a468]
Event: 58.628 Thread 0x000001815e07d970 nmethod 12104 0x0000018152a97210 code [0x0000018152a974e0, 0x0000018152a99c68]
Event: 58.639 Thread 0x000001815e0ddf60 12106   !   3       java.io.WinNTFileSystem::createFileExclusively (27 bytes)
Event: 58.639 Thread 0x000001815e0ddf60 nmethod 12106 0x000001814aeabd10 code [0x000001814aeabee0, 0x000001814aeac100]
Event: 58.658 Thread 0x000001815e0ddf60 12107       3       java.io.File::createNewFile (44 bytes)
Event: 58.658 Thread 0x000001815e0ddf60 nmethod 12107 0x000001814af78790 code [0x000001814af78980, 0x000001814af78cf8]
Event: 58.703 Thread 0x000001815e07d970 12108       4       java.io.BufferedWriter::growIfNeeded (63 bytes)
Event: 58.703 Thread 0x000001815e07d970 nmethod 12108 0x00000181529d0e10 code [0x00000181529d0fa0, 0x00000181529d1070]
Event: 58.706 Thread 0x000001815e07d970 12109       4       org.eclipse.jdt.internal.compiler.classfmt.FieldInfo::createField (450 bytes)
Event: 58.719 Thread 0x000001815e07d970 nmethod 12109 0x0000018152cd9890 code [0x0000018152cd9ae0, 0x0000018152cdaf10]
Event: 58.755 Thread 0x000001815e0ddf60 12110       3       org.eclipse.jdt.internal.compiler.classfmt.AnnotationInfo::scanElementValue (256 bytes)
Event: 58.756 Thread 0x000001815e0ddf60 nmethod 12110 0x000001814af42510 code [0x000001814af42740, 0x000001814af43188]

GC Heap History (20 events):
Event: 58.711 GC heap after
{Heap after GC invocations=1540 (full 4):
 PSYoungGen      total 2048K, used 416K [0x00000000eab00000, 0x00000000eaf00000, 0x0000000100000000)
  eden space 1536K, 0% used [0x00000000eab00000,0x00000000eab00000,0x00000000eac80000)
  from space 512K, 81% used [0x00000000eae00000,0x00000000eae68000,0x00000000eae80000)
  to   space 512K, 0% used [0x00000000eae80000,0x00000000eae80000,0x00000000eaf00000)
 ParOldGen       total 315392K, used 314936K [0x00000000c0000000, 0x00000000d3400000, 0x00000000eab00000)
  object space 315392K, 99% used [0x00000000c0000000,0x00000000d338e030,0x00000000d3400000)
 Metaspace       used 64669K, committed 65984K, reserved 1114112K
  class space    used 6673K, committed 7232K, reserved 1048576K
}
Event: 58.723 GC heap before
{Heap before GC invocations=1541 (full 4):
 PSYoungGen      total 2048K, used 1947K [0x00000000eab00000, 0x00000000eaf00000, 0x0000000100000000)
  eden space 1536K, 99% used [0x00000000eab00000,0x00000000eac7ef08,0x00000000eac80000)
  from space 512K, 81% used [0x00000000eae00000,0x00000000eae68000,0x00000000eae80000)
  to   space 512K, 0% used [0x00000000eae80000,0x00000000eae80000,0x00000000eaf00000)
 ParOldGen       total 315392K, used 314936K [0x00000000c0000000, 0x00000000d3400000, 0x00000000eab00000)
  object space 315392K, 99% used [0x00000000c0000000,0x00000000d338e030,0x00000000d3400000)
 Metaspace       used 64669K, committed 65984K, reserved 1114112K
  class space    used 6673K, committed 7232K, reserved 1048576K
}
Event: 58.723 GC heap after
{Heap after GC invocations=1541 (full 4):
 PSYoungGen      total 2048K, used 448K [0x00000000eab00000, 0x00000000eaf00000, 0x0000000100000000)
  eden space 1536K, 0% used [0x00000000eab00000,0x00000000eab00000,0x00000000eac80000)
  from space 512K, 87% used [0x00000000eae80000,0x00000000eaef0000,0x00000000eaf00000)
  to   space 512K, 0% used [0x00000000eae00000,0x00000000eae00000,0x00000000eae80000)
 ParOldGen       total 315392K, used 315131K [0x00000000c0000000, 0x00000000d3400000, 0x00000000eab00000)
  object space 315392K, 99% used [0x00000000c0000000,0x00000000d33bec38,0x00000000d3400000)
 Metaspace       used 64669K, committed 65984K, reserved 1114112K
  class space    used 6673K, committed 7232K, reserved 1048576K
}
Event: 58.736 GC heap before
{Heap before GC invocations=1542 (full 4):
 PSYoungGen      total 2048K, used 1984K [0x00000000eab00000, 0x00000000eaf00000, 0x0000000100000000)
  eden space 1536K, 100% used [0x00000000eab00000,0x00000000eac80000,0x00000000eac80000)
  from space 512K, 87% used [0x00000000eae80000,0x00000000eaef0000,0x00000000eaf00000)
  to   space 512K, 0% used [0x00000000eae00000,0x00000000eae00000,0x00000000eae80000)
 ParOldGen       total 315392K, used 315131K [0x00000000c0000000, 0x00000000d3400000, 0x00000000eab00000)
  object space 315392K, 99% used [0x00000000c0000000,0x00000000d33bec38,0x00000000d3400000)
 Metaspace       used 64669K, committed 65984K, reserved 1114112K
  class space    used 6673K, committed 7232K, reserved 1048576K
}
Event: 58.737 GC heap after
{Heap after GC invocations=1542 (full 4):
 PSYoungGen      total 2048K, used 416K [0x00000000eab00000, 0x00000000eaf00000, 0x0000000100000000)
  eden space 1536K, 0% used [0x00000000eab00000,0x00000000eab00000,0x00000000eac80000)
  from space 512K, 81% used [0x00000000eae00000,0x00000000eae68000,0x00000000eae80000)
  to   space 512K, 0% used [0x00000000eae80000,0x00000000eae80000,0x00000000eaf00000)
 ParOldGen       total 315392K, used 315211K [0x00000000c0000000, 0x00000000d3400000, 0x00000000eab00000)
  object space 315392K, 99% used [0x00000000c0000000,0x00000000d33d2c38,0x00000000d3400000)
 Metaspace       used 64669K, committed 65984K, reserved 1114112K
  class space    used 6673K, committed 7232K, reserved 1048576K
}
Event: 58.739 GC heap before
{Heap before GC invocations=1543 (full 4):
 PSYoungGen      total 2048K, used 1949K [0x00000000eab00000, 0x00000000eaf00000, 0x0000000100000000)
  eden space 1536K, 99% used [0x00000000eab00000,0x00000000eac7f470,0x00000000eac80000)
  from space 512K, 81% used [0x00000000eae00000,0x00000000eae68000,0x00000000eae80000)
  to   space 512K, 0% used [0x00000000eae80000,0x00000000eae80000,0x00000000eaf00000)
 ParOldGen       total 315392K, used 315211K [0x00000000c0000000, 0x00000000d3400000, 0x00000000eab00000)
  object space 315392K, 99% used [0x00000000c0000000,0x00000000d33d2c38,0x00000000d3400000)
 Metaspace       used 64669K, committed 65984K, reserved 1114112K
  class space    used 6673K, committed 7232K, reserved 1048576K
}
Event: 58.739 GC heap after
{Heap after GC invocations=1543 (full 4):
 PSYoungGen      total 2048K, used 448K [0x00000000eab00000, 0x00000000eaf00000, 0x0000000100000000)
  eden space 1536K, 0% used [0x00000000eab00000,0x00000000eab00000,0x00000000eac80000)
  from space 512K, 87% used [0x00000000eae80000,0x00000000eaef0000,0x00000000eaf00000)
  to   space 512K, 0% used [0x00000000eae00000,0x00000000eae00000,0x00000000eae80000)
 ParOldGen       total 315904K, used 315410K [0x00000000c0000000, 0x00000000d3480000, 0x00000000eab00000)
  object space 315904K, 99% used [0x00000000c0000000,0x00000000d3404888,0x00000000d3480000)
 Metaspace       used 64669K, committed 65984K, reserved 1114112K
  class space    used 6673K, committed 7232K, reserved 1048576K
}
Event: 58.741 GC heap before
{Heap before GC invocations=1544 (full 4):
 PSYoungGen      total 2048K, used 1984K [0x00000000eab00000, 0x00000000eaf00000, 0x0000000100000000)
  eden space 1536K, 100% used [0x00000000eab00000,0x00000000eac80000,0x00000000eac80000)
  from space 512K, 87% used [0x00000000eae80000,0x00000000eaef0000,0x00000000eaf00000)
  to   space 512K, 0% used [0x00000000eae00000,0x00000000eae00000,0x00000000eae80000)
 ParOldGen       total 315904K, used 315410K [0x00000000c0000000, 0x00000000d3480000, 0x00000000eab00000)
  object space 315904K, 99% used [0x00000000c0000000,0x00000000d3404888,0x00000000d3480000)
 Metaspace       used 64669K, committed 65984K, reserved 1114112K
  class space    used 6673K, committed 7232K, reserved 1048576K
}
Event: 58.742 GC heap after
{Heap after GC invocations=1544 (full 4):
 PSYoungGen      total 2048K, used 384K [0x00000000eab00000, 0x00000000eaf00000, 0x0000000100000000)
  eden space 1536K, 0% used [0x00000000eab00000,0x00000000eab00000,0x00000000eac80000)
  from space 512K, 75% used [0x00000000eae00000,0x00000000eae60000,0x00000000eae80000)
  to   space 512K, 0% used [0x00000000eae80000,0x00000000eae80000,0x00000000eaf00000)
 ParOldGen       total 315904K, used 315708K [0x00000000c0000000, 0x00000000d3480000, 0x00000000eab00000)
  object space 315904K, 99% used [0x00000000c0000000,0x00000000d344f098,0x00000000d3480000)
 Metaspace       used 64669K, committed 65984K, reserved 1114112K
  class space    used 6673K, committed 7232K, reserved 1048576K
}
Event: 58.744 GC heap before
{Heap before GC invocations=1545 (full 4):
 PSYoungGen      total 2048K, used 1917K [0x00000000eab00000, 0x00000000eaf00000, 0x0000000100000000)
  eden space 1536K, 99% used [0x00000000eab00000,0x00000000eac7f698,0x00000000eac80000)
  from space 512K, 75% used [0x00000000eae00000,0x00000000eae60000,0x00000000eae80000)
  to   space 512K, 0% used [0x00000000eae80000,0x00000000eae80000,0x00000000eaf00000)
 ParOldGen       total 315904K, used 315708K [0x00000000c0000000, 0x00000000d3480000, 0x00000000eab00000)
  object space 315904K, 99% used [0x00000000c0000000,0x00000000d344f098,0x00000000d3480000)
 Metaspace       used 64669K, committed 65984K, reserved 1114112K
  class space    used 6673K, committed 7232K, reserved 1048576K
}
Event: 58.744 GC heap after
{Heap after GC invocations=1545 (full 4):
 PSYoungGen      total 2048K, used 411K [0x00000000eab00000, 0x00000000eaf00000, 0x0000000100000000)
  eden space 1536K, 0% used [0x00000000eab00000,0x00000000eab00000,0x00000000eac80000)
  from space 512K, 80% used [0x00000000eae80000,0x00000000eaee6c08,0x00000000eaf00000)
  to   space 512K, 0% used [0x00000000eae00000,0x00000000eae00000,0x00000000eae80000)
 ParOldGen       total 316416K, used 315948K [0x00000000c0000000, 0x00000000d3500000, 0x00000000eab00000)
  object space 316416K, 99% used [0x00000000c0000000,0x00000000d348b098,0x00000000d3500000)
 Metaspace       used 64669K, committed 65984K, reserved 1114112K
  class space    used 6673K, committed 7232K, reserved 1048576K
}
Event: 58.746 GC heap before
{Heap before GC invocations=1546 (full 4):
 PSYoungGen      total 2048K, used 1947K [0x00000000eab00000, 0x00000000eaf00000, 0x0000000100000000)
  eden space 1536K, 100% used [0x00000000eab00000,0x00000000eac80000,0x00000000eac80000)
  from space 512K, 80% used [0x00000000eae80000,0x00000000eaee6c08,0x00000000eaf00000)
  to   space 512K, 0% used [0x00000000eae00000,0x00000000eae00000,0x00000000eae80000)
 ParOldGen       total 316416K, used 315948K [0x00000000c0000000, 0x00000000d3500000, 0x00000000eab00000)
  object space 316416K, 99% used [0x00000000c0000000,0x00000000d348b098,0x00000000d3500000)
 Metaspace       used 64669K, committed 65984K, reserved 1114112K
  class space    used 6673K, committed 7232K, reserved 1048576K
}
Event: 58.747 GC heap after
{Heap after GC invocations=1546 (full 4):
 PSYoungGen      total 2048K, used 448K [0x00000000eab00000, 0x00000000eaf00000, 0x0000000100000000)
  eden space 1536K, 0% used [0x00000000eab00000,0x00000000eab00000,0x00000000eac80000)
  from space 512K, 87% used [0x00000000eae00000,0x00000000eae70000,0x00000000eae80000)
  to   space 512K, 0% used [0x00000000eae80000,0x00000000eae80000,0x00000000eaf00000)
 ParOldGen       total 316416K, used 316223K [0x00000000c0000000, 0x00000000d3500000, 0x00000000eab00000)
  object space 316416K, 99% used [0x00000000c0000000,0x00000000d34cfca0,0x00000000d3500000)
 Metaspace       used 64669K, committed 65984K, reserved 1114112K
  class space    used 6673K, committed 7232K, reserved 1048576K
}
Event: 58.749 GC heap before
{Heap before GC invocations=1547 (full 4):
 PSYoungGen      total 2048K, used 1984K [0x00000000eab00000, 0x00000000eaf00000, 0x0000000100000000)
  eden space 1536K, 100% used [0x00000000eab00000,0x00000000eac80000,0x00000000eac80000)
  from space 512K, 87% used [0x00000000eae00000,0x00000000eae70000,0x00000000eae80000)
  to   space 512K, 0% used [0x00000000eae80000,0x00000000eae80000,0x00000000eaf00000)
 ParOldGen       total 316416K, used 316223K [0x00000000c0000000, 0x00000000d3500000, 0x00000000eab00000)
  object space 316416K, 99% used [0x00000000c0000000,0x00000000d34cfca0,0x00000000d3500000)
 Metaspace       used 64669K, committed 65984K, reserved 1114112K
  class space    used 6673K, committed 7232K, reserved 1048576K
}
Event: 58.749 GC heap after
{Heap after GC invocations=1547 (full 4):
 PSYoungGen      total 2048K, used 384K [0x00000000eab00000, 0x00000000eaf00000, 0x0000000100000000)
  eden space 1536K, 0% used [0x00000000eab00000,0x00000000eab00000,0x00000000eac80000)
  from space 512K, 75% used [0x00000000eae80000,0x00000000eaee0000,0x00000000eaf00000)
  to   space 512K, 0% used [0x00000000eae00000,0x00000000eae00000,0x00000000eae80000)
 ParOldGen       total 316928K, used 316523K [0x00000000c0000000, 0x00000000d3580000, 0x00000000eab00000)
  object space 316928K, 99% used [0x00000000c0000000,0x00000000d351aea8,0x00000000d3580000)
 Metaspace       used 64669K, committed 65984K, reserved 1114112K
  class space    used 6673K, committed 7232K, reserved 1048576K
}
Event: 58.751 GC heap before
{Heap before GC invocations=1548 (full 4):
 PSYoungGen      total 2048K, used 1920K [0x00000000eab00000, 0x00000000eaf00000, 0x0000000100000000)
  eden space 1536K, 100% used [0x00000000eab00000,0x00000000eac80000,0x00000000eac80000)
  from space 512K, 75% used [0x00000000eae80000,0x00000000eaee0000,0x00000000eaf00000)
  to   space 512K, 0% used [0x00000000eae00000,0x00000000eae00000,0x00000000eae80000)
 ParOldGen       total 316928K, used 316523K [0x00000000c0000000, 0x00000000d3580000, 0x00000000eab00000)
  object space 316928K, 99% used [0x00000000c0000000,0x00000000d351aea8,0x00000000d3580000)
 Metaspace       used 64669K, committed 65984K, reserved 1114112K
  class space    used 6673K, committed 7232K, reserved 1048576K
}
Event: 58.751 GC heap after
{Heap after GC invocations=1548 (full 4):
 PSYoungGen      total 2048K, used 320K [0x00000000eab00000, 0x00000000eaf00000, 0x0000000100000000)
  eden space 1536K, 0% used [0x00000000eab00000,0x00000000eab00000,0x00000000eac80000)
  from space 512K, 62% used [0x00000000eae00000,0x00000000eae50000,0x00000000eae80000)
  to   space 512K, 0% used [0x00000000eae80000,0x00000000eae80000,0x00000000eaf00000)
 ParOldGen       total 316928K, used 316739K [0x00000000c0000000, 0x00000000d3580000, 0x00000000eab00000)
  object space 316928K, 99% used [0x00000000c0000000,0x00000000d3550ea8,0x00000000d3580000)
 Metaspace       used 64669K, committed 65984K, reserved 1114112K
  class space    used 6673K, committed 7232K, reserved 1048576K
}
Event: 58.754 GC heap before
{Heap before GC invocations=1549 (full 4):
 PSYoungGen      total 2048K, used 1856K [0x00000000eab00000, 0x00000000eaf00000, 0x0000000100000000)
  eden space 1536K, 100% used [0x00000000eab00000,0x00000000eac80000,0x00000000eac80000)
  from space 512K, 62% used [0x00000000eae00000,0x00000000eae50000,0x00000000eae80000)
  to   space 512K, 0% used [0x00000000eae80000,0x00000000eae80000,0x00000000eaf00000)
 ParOldGen       total 316928K, used 316739K [0x00000000c0000000, 0x00000000d3580000, 0x00000000eab00000)
  object space 316928K, 99% used [0x00000000c0000000,0x00000000d3550ea8,0x00000000d3580000)
 Metaspace       used 64669K, committed 65984K, reserved 1114112K
  class space    used 6673K, committed 7232K, reserved 1048576K
}
Event: 58.754 GC heap after
{Heap after GC invocations=1549 (full 4):
 PSYoungGen      total 2048K, used 374K [0x00000000eab00000, 0x00000000eaf00000, 0x0000000100000000)
  eden space 1536K, 0% used [0x00000000eab00000,0x00000000eab00000,0x00000000eac80000)
  from space 512K, 73% used [0x00000000eae80000,0x00000000eaedd808,0x00000000eaf00000)
  to   space 512K, 0% used [0x00000000eae00000,0x00000000eae00000,0x00000000eae80000)
 ParOldGen       total 317440K, used 316931K [0x00000000c0000000, 0x00000000d3600000, 0x00000000eab00000)
  object space 317440K, 99% used [0x00000000c0000000,0x00000000d3580ea8,0x00000000d3600000)
 Metaspace       used 64669K, committed 65984K, reserved 1114112K
  class space    used 6673K, committed 7232K, reserved 1048576K
}
Event: 58.770 GC heap before
{Heap before GC invocations=1550 (full 4):
 PSYoungGen      total 2048K, used 1910K [0x00000000eab00000, 0x00000000eaf00000, 0x0000000100000000)
  eden space 1536K, 100% used [0x00000000eab00000,0x00000000eac80000,0x00000000eac80000)
  from space 512K, 73% used [0x00000000eae80000,0x00000000eaedd808,0x00000000eaf00000)
  to   space 512K, 0% used [0x00000000eae00000,0x00000000eae00000,0x00000000eae80000)
 ParOldGen       total 317440K, used 316931K [0x00000000c0000000, 0x00000000d3600000, 0x00000000eab00000)
  object space 317440K, 99% used [0x00000000c0000000,0x00000000d3580ea8,0x00000000d3600000)
 Metaspace       used 64669K, committed 65984K, reserved 1114112K
  class space    used 6673K, committed 7232K, reserved 1048576K
}

Dll operation events (14 events):
Event: 0.008 Loaded shared library c:\Users\Wesley Jennings\.cursor\extensions\redhat.java-1.41.1-win32-x64\jre\21.0.6-win32-x86_64\bin\java.dll
Event: 0.079 Loaded shared library c:\Users\Wesley Jennings\.cursor\extensions\redhat.java-1.41.1-win32-x64\jre\21.0.6-win32-x86_64\bin\zip.dll
Event: 0.117 Loaded shared library C:\Users\Wesley Jennings\.cursor\extensions\redhat.java-1.41.1-win32-x64\jre\21.0.6-win32-x86_64\bin\instrument.dll
Event: 0.125 Loaded shared library C:\Users\Wesley Jennings\.cursor\extensions\redhat.java-1.41.1-win32-x64\jre\21.0.6-win32-x86_64\bin\net.dll
Event: 0.127 Loaded shared library C:\Users\Wesley Jennings\.cursor\extensions\redhat.java-1.41.1-win32-x64\jre\21.0.6-win32-x86_64\bin\nio.dll
Event: 0.130 Loaded shared library C:\Users\Wesley Jennings\.cursor\extensions\redhat.java-1.41.1-win32-x64\jre\21.0.6-win32-x86_64\bin\zip.dll
Event: 0.156 Loaded shared library C:\Users\Wesley Jennings\.cursor\extensions\redhat.java-1.41.1-win32-x64\jre\21.0.6-win32-x86_64\bin\jimage.dll
Event: 0.225 Loaded shared library c:\Users\Wesley Jennings\.cursor\extensions\redhat.java-1.41.1-win32-x64\jre\21.0.6-win32-x86_64\bin\verify.dll
Event: 5.381 Loaded shared library C:\Users\Wesley Jennings\AppData\Roaming\Cursor\User\globalStorage\redhat.java\1.41.1\config_win\org.eclipse.equinox.launcher\org.eclipse.equinox.launcher.win32.win32.x86_64_1.2.1300.v20250331-1702\eclipse_11911.dll
Event: 12.587 Loaded shared library C:\Users\Wesley Jennings\.cursor\extensions\redhat.java-1.41.1-win32-x64\jre\21.0.6-win32-x86_64\bin\management.dll
Event: 12.588 Loaded shared library C:\Users\Wesley Jennings\.cursor\extensions\redhat.java-1.41.1-win32-x64\jre\21.0.6-win32-x86_64\bin\management_ext.dll
Event: 13.426 Loaded shared library C:\Users\Wesley Jennings\AppData\Local\Temp\jna-1866408305\jna18164503398974320334.dll
Event: 13.490 Loaded shared library C:\Users\Wesley Jennings\.cursor\extensions\redhat.java-1.41.1-win32-x64\jre\21.0.6-win32-x86_64\bin\sunmscapi.dll
Event: 13.751 Loaded shared library C:\Users\Wesley Jennings\.cursor\extensions\redhat.java-1.41.1-win32-x64\jre\21.0.6-win32-x86_64\bin\extnet.dll

Deoptimization events (20 events):
Event: 58.673 Thread 0x000001815e750b70 Uncommon trap: trap_request=0xffffff3d fr.pc=0x000001815328afa4 relative=0x0000000000000364
Event: 58.673 Thread 0x000001815e750b70 Uncommon trap: reason=unstable_fused_if action=reinterpret pc=0x000001815328afa4 method=org.eclipse.jdt.core.Signature.encodeTypeSignature([CIZILjava/lang/StringBuilder;)I @ 38 c2
Event: 58.673 Thread 0x000001815e750b70 DEOPT PACKING pc=0x000001815328afa4 sp=0x00000009972feeb0
Event: 58.673 Thread 0x000001815e750b70 DEOPT UNPACKING pc=0x0000018152403aa2 sp=0x00000009972fee68 mode 2
Event: 58.750 Thread 0x000001815e750b70 Uncommon trap: trap_request=0xffffff45 fr.pc=0x00000181532e8b00 relative=0x00000000000000c0
Event: 58.750 Thread 0x000001815e750b70 Uncommon trap: reason=unstable_if action=reinterpret pc=0x00000181532e8b00 method=org.eclipse.jdt.internal.compiler.classfmt.AnnotationInfo.scanElementValue(I)I @ 12 c2
Event: 58.750 Thread 0x000001815e750b70 DEOPT PACKING pc=0x00000181532e8b00 sp=0x00000009972fee90
Event: 58.750 Thread 0x000001815e750b70 DEOPT UNPACKING pc=0x0000018152403aa2 sp=0x00000009972fee10 mode 2
Event: 58.750 Thread 0x000001815e750b70 Uncommon trap: trap_request=0xffffff45 fr.pc=0x0000018152d94564 relative=0x0000000000000fa4
Event: 58.750 Thread 0x000001815e750b70 Uncommon trap: reason=unstable_if action=reinterpret pc=0x0000018152d94564 method=org.eclipse.jdt.internal.compiler.classfmt.AnnotationInfo.scanAnnotation(IZZ)I @ 39 c2
Event: 58.750 Thread 0x000001815e750b70 DEOPT PACKING pc=0x0000018152d94564 sp=0x00000009972fedb0
Event: 58.750 Thread 0x000001815e750b70 DEOPT UNPACKING pc=0x0000018152403aa2 sp=0x00000009972fed68 mode 2
Event: 58.750 Thread 0x000001815e750b70 Uncommon trap: trap_request=0xffffff45 fr.pc=0x00000181532068cc relative=0x00000000000000ac
Event: 58.750 Thread 0x000001815e750b70 Uncommon trap: reason=unstable_if action=reinterpret pc=0x00000181532068cc method=org.eclipse.jdt.internal.compiler.classfmt.AnnotationInfo.<init>([B[IIZZ)V @ 9 c2
Event: 58.750 Thread 0x000001815e750b70 DEOPT PACKING pc=0x00000181532068cc sp=0x00000009972fed70
Event: 58.750 Thread 0x000001815e750b70 DEOPT UNPACKING pc=0x0000018152403aa2 sp=0x00000009972fece0 mode 2
Event: 58.750 Thread 0x000001815e750b70 Uncommon trap: trap_request=0xffffff45 fr.pc=0x000001815333306c relative=0x0000000000000eac
Event: 58.750 Thread 0x000001815e750b70 Uncommon trap: reason=unstable_if action=reinterpret pc=0x000001815333306c method=org.eclipse.jdt.internal.compiler.classfmt.AnnotationInfo.getElementValuePairs()[Lorg/eclipse/jdt/internal/compiler/env/IBinaryElementValuePair; @ 4 c2
Event: 58.750 Thread 0x000001815e750b70 DEOPT PACKING pc=0x000001815333306c sp=0x00000009972fed40
Event: 58.750 Thread 0x000001815e750b70 DEOPT UNPACKING pc=0x0000018152403aa2 sp=0x00000009972fecb0 mode 2

Classes loaded (20 events):
Event: 49.705 Loading class java/util/Collections$SynchronizedList done
Event: 49.705 Loading class java/util/Collections$SynchronizedRandomAccessList done
Event: 49.823 Loading class java/util/regex/PatternSyntaxException
Event: 49.823 Loading class java/util/regex/PatternSyntaxException done
Event: 53.537 Loading class java/io/SequenceInputStream
Event: 53.537 Loading class java/io/SequenceInputStream done
Event: 53.685 Loading class java/lang/Throwable$WrappedPrintWriter
Event: 53.685 Loading class java/lang/Throwable$PrintStreamOrWriter
Event: 53.685 Loading class java/lang/Throwable$PrintStreamOrWriter done
Event: 53.685 Loading class java/lang/Throwable$WrappedPrintWriter done
Event: 53.714 Loading class java/util/stream/ReduceOps$5
Event: 53.714 Loading class java/util/stream/ReduceOps$5 done
Event: 53.714 Loading class java/util/stream/ReduceOps$CountingSink$OfRef
Event: 53.714 Loading class java/util/stream/ReduceOps$CountingSink
Event: 53.714 Loading class java/util/stream/ReduceOps$CountingSink done
Event: 53.714 Loading class java/util/stream/ReduceOps$CountingSink$OfRef done
Event: 53.775 Loading class java/util/stream/ReduceOps$1
Event: 53.775 Loading class java/util/stream/ReduceOps$1 done
Event: 53.775 Loading class java/util/stream/ReduceOps$1ReducingSink
Event: 53.775 Loading class java/util/stream/ReduceOps$1ReducingSink done

Classes unloaded (7 events):
Event: 12.932 Thread 0x0000018147d4eb30 Unloading class 0x0000018101199c00 'java/lang/invoke/LambdaForm$MH+0x0000018101199c00'
Event: 12.932 Thread 0x0000018147d4eb30 Unloading class 0x0000018101199800 'java/lang/invoke/LambdaForm$MH+0x0000018101199800'
Event: 12.932 Thread 0x0000018147d4eb30 Unloading class 0x0000018101199400 'java/lang/invoke/LambdaForm$MH+0x0000018101199400'
Event: 12.932 Thread 0x0000018147d4eb30 Unloading class 0x0000018101199000 'java/lang/invoke/LambdaForm$MH+0x0000018101199000'
Event: 12.932 Thread 0x0000018147d4eb30 Unloading class 0x0000018101198c00 'java/lang/invoke/LambdaForm$BMH+0x0000018101198c00'
Event: 12.932 Thread 0x0000018147d4eb30 Unloading class 0x0000018101198800 'java/lang/invoke/LambdaForm$DMH+0x0000018101198800'
Event: 12.932 Thread 0x0000018147d4eb30 Unloading class 0x0000018101193400 'java/lang/invoke/LambdaForm$DMH+0x0000018101193400'

Classes redefined (0 events):
No events

Internal exceptions (20 events):
Event: 58.408 Thread 0x000001815e750b70 Exception <a 'sun/nio/fs/WindowsException'{0x00000000eabf83d0}> (0x00000000eabf83d0) 
thrown [s\src\hotspot\share\prims\jni.cpp, line 520]
Event: 58.422 Thread 0x000001815e750b70 Exception <a 'sun/nio/fs/WindowsException'{0x00000000eabdf3f0}> (0x00000000eabdf3f0) 
thrown [s\src\hotspot\share\prims\jni.cpp, line 520]
Event: 58.436 Thread 0x000001815e750b70 Exception <a 'sun/nio/fs/WindowsException'{0x00000000eaba42c0}> (0x00000000eaba42c0) 
thrown [s\src\hotspot\share\prims\jni.cpp, line 520]
Event: 58.444 Thread 0x000001815e750b70 Exception <a 'sun/nio/fs/WindowsException'{0x00000000eabbfad0}> (0x00000000eabbfad0) 
thrown [s\src\hotspot\share\prims\jni.cpp, line 520]
Event: 58.453 Thread 0x000001815e750b70 Exception <a 'sun/nio/fs/WindowsException'{0x00000000eabdb460}> (0x00000000eabdb460) 
thrown [s\src\hotspot\share\prims\jni.cpp, line 520]
Event: 58.465 Thread 0x000001815e750b70 Exception <a 'sun/nio/fs/WindowsException'{0x00000000eab5c028}> (0x00000000eab5c028) 
thrown [s\src\hotspot\share\prims\jni.cpp, line 520]
Event: 58.469 Thread 0x000001815e750b70 Exception <a 'sun/nio/fs/WindowsException'{0x00000000eab77af8}> (0x00000000eab77af8) 
thrown [s\src\hotspot\share\prims\jni.cpp, line 520]
Event: 58.510 Thread 0x000001815e750b70 Exception <a 'sun/nio/fs/WindowsException'{0x00000000eabb50e8}> (0x00000000eabb50e8) 
thrown [s\src\hotspot\share\prims\jni.cpp, line 520]
Event: 58.522 Thread 0x000001815e750b70 Exception <a 'sun/nio/fs/WindowsException'{0x00000000eac673a8}> (0x00000000eac673a8) 
thrown [s\src\hotspot\share\prims\jni.cpp, line 520]
Event: 58.537 Thread 0x000001815e750b70 Exception <a 'sun/nio/fs/WindowsException'{0x00000000eac35ef8}> (0x00000000eac35ef8) 
thrown [s\src\hotspot\share\prims\jni.cpp, line 520]
Event: 58.555 Thread 0x000001815e750b70 Exception <a 'sun/nio/fs/WindowsException'{0x00000000eac10290}> (0x00000000eac10290) 
thrown [s\src\hotspot\share\prims\jni.cpp, line 520]
Event: 58.558 Thread 0x000001815e750b70 Exception <a 'sun/nio/fs/WindowsException'{0x00000000eac2d498}> (0x00000000eac2d498) 
thrown [s\src\hotspot\share\prims\jni.cpp, line 520]
Event: 58.561 Thread 0x000001815e750b70 Exception <a 'sun/nio/fs/WindowsException'{0x00000000eac46f08}> (0x00000000eac46f08) 
thrown [s\src\hotspot\share\prims\jni.cpp, line 520]
Event: 58.573 Thread 0x000001815e750b70 Exception <a 'sun/nio/fs/WindowsException'{0x00000000eabb7568}> (0x00000000eabb7568) 
thrown [s\src\hotspot\share\prims\jni.cpp, line 520]
Event: 58.657 Thread 0x000001815e750b70 Exception <a 'sun/nio/fs/WindowsException'{0x00000000eabd6898}> (0x00000000eabd6898) 
thrown [s\src\hotspot\share\prims\jni.cpp, line 520]
Event: 58.669 Thread 0x000001815e750b70 Exception <a 'sun/nio/fs/WindowsException'{0x00000000eab87ea8}> (0x00000000eab87ea8) 
thrown [s\src\hotspot\share\prims\jni.cpp, line 520]
Event: 58.701 Thread 0x000001815e750b70 Exception <a 'sun/nio/fs/WindowsException'{0x00000000eac71398}> (0x00000000eac71398) 
thrown [s\src\hotspot\share\prims\jni.cpp, line 520]
Event: 58.719 Thread 0x000001815e750b70 Exception <a 'sun/nio/fs/WindowsException'{0x00000000eab19d60}> (0x00000000eab19d60) 
thrown [s\src\hotspot\share\prims\jni.cpp, line 520]
Event: 58.733 Thread 0x000001815e750b70 Exception <a 'sun/nio/fs/WindowsException'{0x00000000eab8d960}> (0x00000000eab8d960) 
thrown [s\src\hotspot\share\prims\jni.cpp, line 520]
Event: 58.768 Thread 0x000001815e750b70 Exception <a 'sun/nio/fs/WindowsException'{0x00000000eac60df8}> (0x00000000eac60df8) 
thrown [s\src\hotspot\share\prims\jni.cpp, line 520]

ZGC Phase Switch (0 events):
No events

VM Operations (20 events):
Event: 58.711 Executing VM operation: ParallelGCFailedAllocation (Allocation Failure) done
Event: 58.723 Executing VM operation: ParallelGCFailedAllocation (Allocation Failure)
Event: 58.723 Executing VM operation: ParallelGCFailedAllocation (Allocation Failure) done
Event: 58.736 Executing VM operation: ParallelGCFailedAllocation (Allocation Failure)
Event: 58.737 Executing VM operation: ParallelGCFailedAllocation (Allocation Failure) done
Event: 58.739 Executing VM operation: ParallelGCFailedAllocation (Allocation Failure)
Event: 58.739 Executing VM operation: ParallelGCFailedAllocation (Allocation Failure) done
Event: 58.741 Executing VM operation: ParallelGCFailedAllocation (Allocation Failure)
Event: 58.742 Executing VM operation: ParallelGCFailedAllocation (Allocation Failure) done
Event: 58.744 Executing VM operation: ParallelGCFailedAllocation (Allocation Failure)
Event: 58.744 Executing VM operation: ParallelGCFailedAllocation (Allocation Failure) done
Event: 58.746 Executing VM operation: ParallelGCFailedAllocation (Allocation Failure)
Event: 58.747 Executing VM operation: ParallelGCFailedAllocation (Allocation Failure) done
Event: 58.749 Executing VM operation: ParallelGCFailedAllocation (Allocation Failure)
Event: 58.749 Executing VM operation: ParallelGCFailedAllocation (Allocation Failure) done
Event: 58.751 Executing VM operation: ParallelGCFailedAllocation (Allocation Failure)
Event: 58.751 Executing VM operation: ParallelGCFailedAllocation (Allocation Failure) done
Event: 58.754 Executing VM operation: ParallelGCFailedAllocation (Allocation Failure)
Event: 58.754 Executing VM operation: ParallelGCFailedAllocation (Allocation Failure) done
Event: 58.769 Executing VM operation: ParallelGCFailedAllocation (Allocation Failure)

Memory protections (0 events):
No events

Nmethod flushes (20 events):
Event: 56.971 Thread 0x0000018147d4eb30 flushing  nmethod 0x000001814bd9d410
Event: 56.971 Thread 0x0000018147d4eb30 flushing  nmethod 0x000001814bd9e690
Event: 56.971 Thread 0x0000018147d4eb30 flushing  nmethod 0x000001814bd9f390
Event: 56.971 Thread 0x0000018147d4eb30 flushing  nmethod 0x000001814bda0510
Event: 56.971 Thread 0x0000018147d4eb30 flushing  nmethod 0x000001814bda1a10
Event: 56.971 Thread 0x0000018147d4eb30 flushing  nmethod 0x000001814bda1e10
Event: 56.971 Thread 0x0000018147d4eb30 flushing  nmethod 0x000001814bda3e10
Event: 56.971 Thread 0x0000018147d4eb30 flushing  nmethod 0x000001814bdbd190
Event: 56.971 Thread 0x0000018147d4eb30 flushing  nmethod 0x000001814bdcbf10
Event: 56.971 Thread 0x0000018147d4eb30 flushing osr nmethod 0x000001814bddc990
Event: 56.971 Thread 0x0000018147d4eb30 flushing  nmethod 0x000001814be8bd90
Event: 56.971 Thread 0x0000018147d4eb30 flushing  nmethod 0x000001814bea3c90
Event: 56.971 Thread 0x0000018147d4eb30 flushing  nmethod 0x000001814beb2310
Event: 56.971 Thread 0x0000018147d4eb30 flushing  nmethod 0x000001814bed8d90
Event: 56.971 Thread 0x0000018147d4eb30 flushing  nmethod 0x000001814bed9a90
Event: 56.971 Thread 0x0000018147d4eb30 flushing  nmethod 0x000001814beddd90
Event: 56.971 Thread 0x0000018147d4eb30 flushing  nmethod 0x000001814beec910
Event: 56.971 Thread 0x0000018147d4eb30 flushing  nmethod 0x000001814bf04190
Event: 56.971 Thread 0x0000018147d4eb30 flushing  nmethod 0x000001814bf12e90
Event: 56.971 Thread 0x0000018147d4eb30 flushing  nmethod 0x000001814bfa1d10

Events (20 events):
Event: 49.072 Thread 0x000001815e0ddf60 Thread added: 0x000001816659fb30
Event: 49.544 Thread 0x000001815e7504e0 Thread added: 0x0000018164b40310
Event: 49.678 Thread 0x000001815e753ff0 Thread added: 0x0000018164b451d0
Event: 49.683 Thread 0x0000018164b451d0 Thread exited: 0x0000018164b451d0
Event: 52.105 Thread 0x000001816659fb30 Thread exited: 0x000001816659fb30
Event: 52.472 Thread 0x000001815e07d970 Thread added: 0x000001816659fb30
Event: 52.763 Thread 0x000001816659fb30 Thread exited: 0x000001816659fb30
Event: 52.763 Thread 0x0000018163b846c0 Thread exited: 0x0000018163b846c0
Event: 53.499 Thread 0x000001815e0ddf60 Thread added: 0x0000018163b846c0
Event: 53.517 Thread 0x000001815e0ddf60 Thread added: 0x000001815e0eaee0
Event: 53.929 Thread 0x000001815e0eaee0 Thread exited: 0x000001815e0eaee0
Event: 54.363 Thread 0x0000018163b846c0 Thread exited: 0x0000018163b846c0
Event: 54.638 Thread 0x000001815e07d970 Thread added: 0x000001815e0eaee0
Event: 55.256 Thread 0x000001815e0eaee0 Thread exited: 0x000001815e0eaee0
Event: 55.277 Thread 0x000001815e07d970 Thread added: 0x000001815e0eaee0
Event: 56.079 Thread 0x000001815e0eaee0 Thread exited: 0x000001815e0eaee0
Event: 56.382 Thread 0x000001815e0ddf60 Thread added: 0x000001815e0eaee0
Event: 57.116 Thread 0x000001815e0eaee0 Thread exited: 0x000001815e0eaee0
Event: 58.598 Thread 0x000001815e07d970 Thread added: 0x000001815e0eaee0
Event: 58.755 Thread 0x000001815e0eaee0 Thread exited: 0x000001815e0eaee0


Dynamic libraries:
0x00007ff6d1430000 - 0x00007ff6d143e000 	c:\Users\Wesley Jennings\.cursor\extensions\redhat.java-1.41.1-win32-x64\jre\21.0.6-win32-x86_64\bin\java.exe
0x00007ffec53f0000 - 0x00007ffec5607000 	C:\Windows\SYSTEM32\ntdll.dll
0x00007ffec3150000 - 0x00007ffec3214000 	C:\Windows\System32\KERNEL32.DLL
0x00007ffec2790000 - 0x00007ffec2b3d000 	C:\Windows\System32\KERNELBASE.dll
0x00007ffec3000000 - 0x00007ffec3111000 	C:\Windows\System32\ucrtbase.dll
0x00007ffe9f9a0000 - 0x00007ffe9f9b8000 	c:\Users\Wesley Jennings\.cursor\extensions\redhat.java-1.41.1-win32-x64\jre\21.0.6-win32-x86_64\bin\jli.dll
0x00007ffe9ff70000 - 0x00007ffe9ff8e000 	c:\Users\Wesley Jennings\.cursor\extensions\redhat.java-1.41.1-win32-x64\jre\21.0.6-win32-x86_64\bin\VCRUNTIME140.dll
0x00007ffec4910000 - 0x00007ffec4abe000 	C:\Windows\System32\USER32.dll
0x00007ffea4a40000 - 0x00007ffea4cd3000 	C:\Windows\WinSxS\amd64_microsoft.windows.common-controls_6595b64144ccf1df_6.0.22621.3672_none_2713b9d173822955\COMCTL32.dll
0x00007ffec4f70000 - 0x00007ffec5017000 	C:\Windows\System32\msvcrt.dll
0x00007ffec2e70000 - 0x00007ffec2e96000 	C:\Windows\System32\win32u.dll
0x00007ffec3120000 - 0x00007ffec3149000 	C:\Windows\System32\GDI32.dll
0x00007ffec2d50000 - 0x00007ffec2e69000 	C:\Windows\System32\gdi32full.dll
0x00007ffec2cb0000 - 0x00007ffec2d4a000 	C:\Windows\System32\msvcp_win.dll
0x00007ffec4040000 - 0x00007ffec4071000 	C:\Windows\System32\IMM32.DLL
0x00007ffebc040000 - 0x00007ffebc04c000 	c:\Users\Wesley Jennings\.cursor\extensions\redhat.java-1.41.1-win32-x64\jre\21.0.6-win32-x86_64\bin\vcruntime140_1.dll
0x00007ffe5b4b0000 - 0x00007ffe5b53d000 	c:\Users\Wesley Jennings\.cursor\extensions\redhat.java-1.41.1-win32-x64\jre\21.0.6-win32-x86_64\bin\msvcp140.dll
0x00007ffe07230000 - 0x00007ffe07fc0000 	c:\Users\Wesley Jennings\.cursor\extensions\redhat.java-1.41.1-win32-x64\jre\21.0.6-win32-x86_64\bin\server\jvm.dll
0x00007ffec3c20000 - 0x00007ffec3cd2000 	C:\Windows\System32\ADVAPI32.dll
0x00007ffec4ec0000 - 0x00007ffec4f69000 	C:\Windows\System32\sechost.dll
0x00007ffec2ea0000 - 0x00007ffec2ec8000 	C:\Windows\System32\bcrypt.dll
0x00007ffec3e40000 - 0x00007ffec3f54000 	C:\Windows\System32\RPCRT4.dll
0x00007ffec32a0000 - 0x00007ffec3311000 	C:\Windows\System32\WS2_32.dll
0x00007ffec15a0000 - 0x00007ffec15ed000 	C:\Windows\SYSTEM32\POWRPROF.dll
0x00007ffeb33f0000 - 0x00007ffeb3424000 	C:\Windows\SYSTEM32\WINMM.dll
0x00007ffebc760000 - 0x00007ffebc76a000 	C:\Windows\SYSTEM32\VERSION.dll
0x00007ffec1580000 - 0x00007ffec1593000 	C:\Windows\SYSTEM32\UMPDC.dll
0x00007ffec1830000 - 0x00007ffec1848000 	C:\Windows\SYSTEM32\kernel.appcore.dll
0x00007ffea8960000 - 0x00007ffea896a000 	c:\Users\Wesley Jennings\.cursor\extensions\redhat.java-1.41.1-win32-x64\jre\21.0.6-win32-x86_64\bin\jimage.dll
0x00007ffeb1c60000 - 0x00007ffeb1e92000 	C:\Windows\SYSTEM32\DBGHELP.DLL
0x00007ffec5020000 - 0x00007ffec53ad000 	C:\Windows\System32\combase.dll
0x00007ffec4250000 - 0x00007ffec4327000 	C:\Windows\System32\OLEAUT32.dll
0x00007ffea2c20000 - 0x00007ffea2c52000 	C:\Windows\SYSTEM32\dbgcore.DLL
0x00007ffec2710000 - 0x00007ffec278b000 	C:\Windows\System32\bcryptPrimitives.dll
0x00007ffea1590000 - 0x00007ffea159f000 	c:\Users\Wesley Jennings\.cursor\extensions\redhat.java-1.41.1-win32-x64\jre\21.0.6-win32-x86_64\bin\instrument.dll
0x00007ffe9f980000 - 0x00007ffe9f99f000 	c:\Users\Wesley Jennings\.cursor\extensions\redhat.java-1.41.1-win32-x64\jre\21.0.6-win32-x86_64\bin\java.dll
0x00007ffec3330000 - 0x00007ffec3b98000 	C:\Windows\System32\SHELL32.dll
0x00007ffec0660000 - 0x00007ffec0f5e000 	C:\Windows\SYSTEM32\windows.storage.dll
0x00007ffec0520000 - 0x00007ffec065f000 	C:\Windows\SYSTEM32\wintypes.dll
0x00007ffec4810000 - 0x00007ffec4909000 	C:\Windows\System32\SHCORE.dll
0x00007ffec4330000 - 0x00007ffec438e000 	C:\Windows\System32\shlwapi.dll
0x00007ffec2640000 - 0x00007ffec2661000 	C:\Windows\SYSTEM32\profapi.dll
0x00007ffe98cd0000 - 0x00007ffe98ce8000 	c:\Users\Wesley Jennings\.cursor\extensions\redhat.java-1.41.1-win32-x64\jre\21.0.6-win32-x86_64\bin\zip.dll
0x00007ffea3e20000 - 0x00007ffea3e30000 	C:\Users\Wesley Jennings\.cursor\extensions\redhat.java-1.41.1-win32-x64\jre\21.0.6-win32-x86_64\bin\net.dll
0x00007ffebf440000 - 0x00007ffebf576000 	C:\Windows\SYSTEM32\WINHTTP.dll
0x00007ffec1ca0000 - 0x00007ffec1d09000 	C:\Windows\system32\mswsock.dll
0x00007ffe8d2b0000 - 0x00007ffe8d2c6000 	C:\Users\Wesley Jennings\.cursor\extensions\redhat.java-1.41.1-win32-x64\jre\21.0.6-win32-x86_64\bin\nio.dll
0x00007ffe9ff30000 - 0x00007ffe9ff40000 	c:\Users\Wesley Jennings\.cursor\extensions\redhat.java-1.41.1-win32-x64\jre\21.0.6-win32-x86_64\bin\verify.dll
0x00007ffe78740000 - 0x00007ffe78785000 	C:\Users\Wesley Jennings\AppData\Roaming\Cursor\User\globalStorage\redhat.java\1.41.1\config_win\org.eclipse.equinox.launcher\org.eclipse.equinox.launcher.win32.win32.x86_64_1.2.1300.v20250331-1702\eclipse_11911.dll
0x00007ffec4ac0000 - 0x00007ffec4c65000 	C:\Windows\System32\ole32.dll
0x00007ffe9c970000 - 0x00007ffe9c97a000 	C:\Users\Wesley Jennings\.cursor\extensions\redhat.java-1.41.1-win32-x64\jre\21.0.6-win32-x86_64\bin\management.dll
0x00007ffe9c8f0000 - 0x00007ffe9c8fb000 	C:\Users\Wesley Jennings\.cursor\extensions\redhat.java-1.41.1-win32-x64\jre\21.0.6-win32-x86_64\bin\management_ext.dll
0x00007ffec3270000 - 0x00007ffec3278000 	C:\Windows\System32\PSAPI.DLL
0x00007ffec1f00000 - 0x00007ffec1f1b000 	C:\Windows\SYSTEM32\CRYPTSP.dll
0x00007ffec1790000 - 0x00007ffec17c5000 	C:\Windows\system32\rsaenh.dll
0x00007ffec1da0000 - 0x00007ffec1dc8000 	C:\Windows\SYSTEM32\USERENV.dll
0x00007ffec1f20000 - 0x00007ffec1f2c000 	C:\Windows\SYSTEM32\CRYPTBASE.dll
0x00007ffec11c0000 - 0x00007ffec11ed000 	C:\Windows\SYSTEM32\IPHLPAPI.DLL
0x00007ffec3f80000 - 0x00007ffec3f89000 	C:\Windows\System32\NSI.dll
0x00007ffe8d3b0000 - 0x00007ffe8d3f9000 	C:\Users\Wesley Jennings\AppData\Local\Temp\jna-1866408305\jna18164503398974320334.dll
0x00007ffebf420000 - 0x00007ffebf439000 	C:\Windows\SYSTEM32\dhcpcsvc6.DLL
0x00007ffebf3c0000 - 0x00007ffebf3df000 	C:\Windows\SYSTEM32\dhcpcsvc.DLL
0x00007ffe99c50000 - 0x00007ffe99c5e000 	C:\Users\Wesley Jennings\.cursor\extensions\redhat.java-1.41.1-win32-x64\jre\21.0.6-win32-x86_64\bin\sunmscapi.dll
0x00007ffec2b40000 - 0x00007ffec2ca7000 	C:\Windows\System32\CRYPT32.dll
0x00007ffec20a0000 - 0x00007ffec20ce000 	C:\Windows\SYSTEM32\ncrypt.dll
0x00007ffec2060000 - 0x00007ffec2097000 	C:\Windows\SYSTEM32\NTASN1.dll
0x00007ffec1260000 - 0x00007ffec1358000 	C:\Windows\SYSTEM32\DNSAPI.dll
0x000000005acb0000 - 0x000000005acd6000 	C:\Program Files\Bonjour\mdnsNSP.dll
0x00007ffeba0b0000 - 0x00007ffeba0ba000 	C:\Windows\System32\rasadhlp.dll
0x00007ffebd470000 - 0x00007ffebd4f3000 	C:\Windows\System32\fwpuclnt.dll
0x00007ffe8e6e0000 - 0x00007ffe8e6e9000 	C:\Users\Wesley Jennings\.cursor\extensions\redhat.java-1.41.1-win32-x64\jre\21.0.6-win32-x86_64\bin\extnet.dll

dbghelp: loaded successfully - version: 4.0.5 - missing functions: none
symbol engine: initialized successfully - sym options: 0x614 - pdb path: .;c:\Users\Wesley Jennings\.cursor\extensions\redhat.java-1.41.1-win32-x64\jre\21.0.6-win32-x86_64\bin;C:\Windows\SYSTEM32;C:\Windows\WinSxS\amd64_microsoft.windows.common-controls_6595b64144ccf1df_6.0.22621.3672_none_2713b9d173822955;c:\Users\Wesley Jennings\.cursor\extensions\redhat.java-1.41.1-win32-x64\jre\21.0.6-win32-x86_64\bin\server;C:\Users\Wesley Jennings\AppData\Roaming\Cursor\User\globalStorage\redhat.java\1.41.1\config_win\org.eclipse.equinox.launcher\org.eclipse.equinox.launcher.win32.win32.x86_64_1.2.1300.v20250331-1702;C:\Users\Wesley Jennings\AppData\Local\Temp\jna-1866408305;C:\Program Files\Bonjour

VM Arguments:
jvm_args: --add-modules=ALL-SYSTEM --add-opens=java.base/java.util=ALL-UNNAMED --add-opens=java.base/java.lang=ALL-UNNAMED --add-opens=java.base/sun.nio.fs=ALL-UNNAMED -Declipse.application=org.eclipse.jdt.ls.core.id1 -Dosgi.bundles.defaultStartLevel=4 -Declipse.product=org.eclipse.jdt.ls.core.product -Djava.import.generatesMetadataFilesAtProjectRoot=false -DDetectVMInstallationsJob.disabled=true -Dfile.encoding=utf8 -XX:+UseParallelGC -XX:GCTimeRatio=4 -XX:AdaptiveSizePolicyWeight=90 -Dsun.zip.disableMemoryMapping=true -Xmx1G -Xms100m -Xlog:disable -javaagent:c:\Users\Wesley Jennings\.cursor\extensions\redhat.java-1.41.1-win32-x64\lombok\lombok-1.18.36.jar -XX:+HeapDumpOnOutOfMemoryError -XX:HeapDumpPath=c:\Users\Wesley Jennings\AppData\Roaming\Cursor\User\workspaceStorage\b3057a4bc88f88754d89a6031f962d4b\redhat.java -Daether.dependencyCollector.impl=bf 
java_command: c:\Users\Wesley Jennings\.cursor\extensions\redhat.java-1.41.1-win32-x64\server\plugins\org.eclipse.equinox.launcher_1.7.0.v20250331-1702.jar -configuration c:\Users\Wesley Jennings\AppData\Roaming\Cursor\User\globalStorage\redhat.java\1.41.1\config_win -data c:\Users\Wesley Jennings\AppData\Roaming\Cursor\User\workspaceStorage\b3057a4bc88f88754d89a6031f962d4b\redhat.java\jdt_ws --pipe=\\.\pipe\lsp-ca11208f0b9731a895587af3c6f75462-sock
java_class_path (initial): c:\Users\Wesley Jennings\.cursor\extensions\redhat.java-1.41.1-win32-x64\server\plugins\org.eclipse.equinox.launcher_1.7.0.v20250331-1702.jar
Launcher Type: SUN_STANDARD

[Global flags]
    uintx AdaptiveSizePolicyWeight                 = 90                                        {product} {command line}
     intx CICompilerCount                          = 4                                         {product} {ergonomic}
    uintx GCTimeRatio                              = 4                                         {product} {command line}
     bool HeapDumpOnOutOfMemoryError               = true                                   {manageable} {command line}
    ccstr HeapDumpPath                             = c:\Users\Wesley Jennings\AppData\Roaming\Cursor\User\workspaceStorage\b3057a4bc88f88754d89a6031f962d4b\redhat.java         {manageable} {command line}
   size_t InitialHeapSize                          = 104857600                                 {product} {command line}
   size_t MaxHeapSize                              = 1073741824                                {product} {command line}
   size_t MaxNewSize                               = 357564416                                 {product} {ergonomic}
   size_t MinHeapDeltaBytes                        = 524288                                    {product} {ergonomic}
   size_t MinHeapSize                              = 104857600                                 {product} {command line}
   size_t NewSize                                  = 34603008                                  {product} {ergonomic}
    uintx NonNMethodCodeHeapSize                   = 5839372                                {pd product} {ergonomic}
    uintx NonProfiledCodeHeapSize                  = 122909434                              {pd product} {ergonomic}
   size_t OldSize                                  = 70254592                                  {product} {ergonomic}
    uintx ProfiledCodeHeapSize                     = 122909434                              {pd product} {ergonomic}
    uintx ReservedCodeCacheSize                    = 251658240                              {pd product} {ergonomic}
     bool SegmentedCodeCache                       = true                                      {product} {ergonomic}
   size_t SoftMaxHeapSize                          = 1073741824                             {manageable} {ergonomic}
     bool UseCompressedOops                        = true                           {product lp64_product} {ergonomic}
     bool UseLargePagesIndividualAllocation        = false                                  {pd product} {ergonomic}
     bool UseParallelGC                            = true                                      {product} {command line}

Logging:
Log output configuration:
 #0: stdout all=off uptime,level,tags foldmultilines=false
 #1: stderr all=off uptime,level,tags foldmultilines=false

Environment Variables:
JAVA_HOME=C:\Program Files\Eclipse Adoptium\jdk-21.0.7.6-hotspot\
PATH=C:\Program Files\BraveSoftware\Brave-Browser\Application;C:\Program Files\Eclipse Adoptium\jdk-21.0.7.6-hotspot\bin;C:\Program Files (x86)\Common Files\Oracle\Java\java8path;C:\Program Files (x86)\Common Files\Oracle\Java\javapath;C:\Windows\system32;C:\Windows;C:\Windows\System32\Wbem;C:\Windows\System32\WindowsPowerShell\v1.0\;C:\Windows\System32\OpenSSH\;C:\Windows\AtlasModules;C:\Windows\AtlasModules\Apps;C:\Windows\AtlasModules\Other;C:\Windows\AtlasModules\Tools;C:\Windows\AtlasModules\Scripts;C:\Program Files (x86)\NVIDIA Corporation\PhysX\Common;C:\Program Files\Git\cmd;C:\Program Files\NVIDIA Corporation\NVIDIA app\NvDLISR;C:\Program Files\nodejs\;C:\Program Files\MATLAB\R2024b\bin;C:\Program Files\Microsoft SQL Server\150\Tools\Binn\;C:\Program Files\Microsoft SQL Server\Client SDK\ODBC\170\Tools\Binn\;C:\Program Files (x86)\Microsoft SQL Server\160\Tools\Binn\;C:\Program Files\Microsoft SQL Server\160\Tools\Binn\;C:\Program Files\Microsoft SQL Server\160\DTS\Binn\;C:\Program Files (x86)\Microsoft SQL Server\160\DTS\Binn\;C:\Program Files\dotnet\;C:\Prog;C:\Users\Wesley Jennings\AppData\Local\Packages\PythonSoftwareFoundation.Python.3.12_qbz5n2kfra8p0\LocalCache\local-packages\Python312\Scripts;C:\Users\Wesley Jennings\AppData\Local\Microsoft\WindowsApps;C:\Users\Wesley Jennings\AppData\Local\Programs\Microsoft VS Code\bin;C:\Users\Wesley Jennings\AppData\Local\GitHubDesktop\bin;C:\Users\Wesley Jennings\AppData\Roaming\npm;C:\Users\Wesley Jennings\.dotnet\tools;C:\Users\Wesley Jennings\AppData\Local\Muse Hub\lib
USERNAME=Wesley Jennings
OS=Windows_NT
PROCESSOR_IDENTIFIER=Intel64 Family 6 Model 165 Stepping 5, GenuineIntel
TMP=C:\Users\WESLEY~1\AppData\Local\Temp
TEMP=C:\Users\WESLEY~1\AppData\Local\Temp




Periodic native trim disabled

---------------  S Y S T E M  ---------------

OS:
 Windows 11 , 64 bit Build 22621 (10.0.22621.3958)
OS uptime: 0 days 0:08 hours

CPU: total 12 (initial active 12) (6 cores per cpu, 2 threads per core) family 6 model 165 stepping 5 microcode 0xe2, cx8, cmov, fxsr, ht, mmx, 3dnowpref, sse, sse2, sse3, ssse3, sse4.1, sse4.2, popcnt, lzcnt, tsc, tscinvbit, avx, avx2, aes, erms, clmul, bmi1, bmi2, adx, fma, vzeroupper, clflush, clflushopt, rdtscp, f16c, pku
Processor Information for the first 12 processors :
  Max Mhz: 4101, Current Mhz: 4101, Mhz Limit: 4101

Memory: 4k page, system-wide physical 16302M (5686M free)
TotalPageFile size 25006M (AvailPageFile size 10934M)
current process WorkingSet (physical memory assigned to process): 714M, peak: 1082M
current process commit charge ("private bytes"): 603M, peak: 979M

vm_info: OpenJDK 64-Bit Server VM (21.0.6+7-LTS) for windows-amd64 JRE (21.0.6+7-LTS), built on 2025-01-21T00:00:00Z by "admin" with MS VC++ 17.7 (VS2022)

END.
